<?xml version="1.0" encoding="UTF-8"?>
<!-- Generated by org.testng.reporters.JUnitReportReporter -->
<testsuite skipped="0" hostname="LAP0012" name="com.qa.mtpe.TestCases.MultipleTabsTest" tests="2" failures="0" timestamp="2020-01-22T14:54:04 PKT" time="22.272" errors="0">
  <testcase name="First_Test" time="11.148" classname="com.qa.mtpe.TestCases.MultipleTabsTest"/>
  <testcase name="ParallelExecutionTest" time="11.124" classname="com.qa.mtpe.TestCases.MultipleTabsTest"/>
</testsuite> <!-- com.qa.mtpe.TestCases.MultipleTabsTest -->
