<?xml version="1.0" encoding="UTF-8"?>
<!-- Generated by org.testng.reporters.JUnitReportReporter -->
<testsuite skipped="0" hostname="LAP0012" name="com.qa.mtpe.TestCases.MultipleTabsTest" tests="2" failures="0" timestamp="2020-01-22T17:28:24 PKT" time="29.936" errors="0">
  <testcase name="First_Test" time="15.004" classname="com.qa.mtpe.TestCases.MultipleTabsTest"/>
  <testcase name="ParallelExecutionTest" time="14.932" classname="com.qa.mtpe.TestCases.MultipleTabsTest"/>
</testsuite> <!-- com.qa.mtpe.TestCases.MultipleTabsTest -->
