<?xml version="1.0" encoding="UTF-8"?>
<!-- Generated by org.testng.reporters.JUnitReportReporter -->
<testsuite skipped="0" hostname="LAP0012" name="com.qa.mtpe.TestCases.MultipleTabsTest" tests="1" failures="0" timestamp="2020-01-22T13:05:45 PKT" time="13.523" errors="0">
  <testcase name="First_Test" time="13.523" classname="com.qa.mtpe.TestCases.MultipleTabsTest"/>
</testsuite> <!-- com.qa.mtpe.TestCases.MultipleTabsTest -->
